gumbel thresh: 0.505
mode: dy+bi+cl model path: ./ModelFile/crossView_NUCLA/Multi/dy+bi+cl/DIR-tenc-rep/ gpu: 2
keys  odict_keys(['backbone.sparseCoding.rr', 'backbone.sparseCoding.theta', 'backbone.Classifier.conv1.weight', 'backbone.Classifier.conv1.bias', 'backbone.Classifier.bn1.weight', 'backbone.Classifier.bn1.bias', 'backbone.Classifier.bn1.running_mean', 'backbone.Classifier.bn1.running_var', 'backbone.Classifier.bn1.num_batches_tracked', 'backbone.Classifier.conv2.weight', 'backbone.Classifier.conv2.bias', 'backbone.Classifier.bn2.weight', 'backbone.Classifier.bn2.bias', 'backbone.Classifier.bn2.running_mean', 'backbone.Classifier.bn2.running_var', 'backbone.Classifier.bn2.num_batches_tracked', 'backbone.Classifier.conv3.weight', 'backbone.Classifier.conv3.bias', 'backbone.Classifier.bn3.weight', 'backbone.Classifier.bn3.bias', 'backbone.Classifier.bn3.running_mean', 'backbone.Classifier.bn3.running_var', 'backbone.Classifier.bn3.num_batches_tracked', 'backbone.Classifier.conv4.weight', 'backbone.Classifier.conv4.bias', 'backbone.Classifier.bn4.weight', 'backbone.Classifier.bn4.bias', 'backbone.Classifier.bn4.running_mean', 'backbone.Classifier.bn4.running_var', 'backbone.Classifier.bn4.num_batches_tracked', 'backbone.Classifier.conv5.weight', 'backbone.Classifier.conv5.bias', 'backbone.Classifier.bn5.weight', 'backbone.Classifier.bn5.bias', 'backbone.Classifier.bn5.running_mean', 'backbone.Classifier.bn5.running_var', 'backbone.Classifier.bn5.num_batches_tracked', 'backbone.Classifier.conv6.weight', 'backbone.Classifier.conv6.bias', 'backbone.Classifier.bn6.weight', 'backbone.Classifier.bn6.bias', 'backbone.Classifier.bn6.running_mean', 'backbone.Classifier.bn6.running_var', 'backbone.Classifier.bn6.num_batches_tracked', 'backbone.Classifier.fc.weight', 'backbone.Classifier.fc.bias', 'backbone.Classifier.fc2.weight', 'backbone.Classifier.fc2.bias', 'backbone.Classifier.fc3.weight', 'backbone.Classifier.fc3.bias', 'backbone.Classifier.cls.0.weight', 'backbone.Classifier.cls.0.bias', 'proj.weight', 'proj.bias'])
rr  tensor([1.0738, 0.9827, 0.9756, 1.1247, 0.9363, 1.0295, 1.0171, 0.8772, 1.1414,
        0.8764, 1.0417, 1.0411, 0.9704, 0.8741, 1.0286, 0.8505, 1.1323, 1.0011,
        0.8609, 0.8905, 0.9876, 1.0116, 0.9802, 0.8808, 1.0316, 1.0559, 1.1463,
        1.0903, 0.9350, 1.0455, 0.9752, 0.8884, 0.8512, 1.0178, 1.0932, 1.1434,
        1.1080, 0.9231, 1.1499, 0.9333, 0.9124, 0.8827, 1.0343, 1.0172, 0.8646,
        1.1115, 0.8968, 1.1214, 1.1036, 1.0951, 0.9496, 1.1026, 1.0418, 0.9571,
        1.0756, 1.0673, 0.8579, 1.1263, 1.0073, 1.1280, 1.0781, 0.8988, 0.9347,
        1.0849, 1.0072, 0.9259, 1.0844, 0.8510, 0.8943, 0.8692, 1.0417, 1.1310,
        0.9874, 0.8866, 0.9528, 0.9757, 0.9415, 1.1430, 0.9416, 1.1242],
       device='cuda:2')
theta  tensor([1.3939, 2.4549, 1.6436, 1.5352, 0.7960, 3.0716, 2.6964, 2.0584, 0.7135,
        2.3078, 1.8680, 1.5814, 2.5930, 2.1385, 0.6050, 1.4292, 1.4744, 0.3818,
        2.0396, 2.8664, 0.4994, 2.8990, 1.4337, 2.9520, 2.1435, 1.2748, 0.3789,
        2.3218, 1.4669, 1.7877, 1.0691, 2.8505, 0.6513, 2.9708, 2.0885, 3.0277,
        1.2882, 1.7110, 2.6468, 2.2400, 1.1219, 0.2007, 0.5942, 0.7402, 2.4891,
        0.8861, 1.3891, 2.8232, 2.3094, 0.7382, 2.3175, 1.3819, 0.8533, 0.4777,
        3.0391, 1.8822, 1.2420, 3.1185, 0.1625, 0.9867, 1.3501, 2.3475, 1.5333,
        1.8721, 1.7133, 1.3431, 0.9326, 3.1381, 1.3014, 2.0869, 1.4987, 1.2876,
        2.5508, 0.4858, 1.6475, 0.5840, 1.7340, 1.2651, 3.0234, 2.8446],
       device='cuda:2')
cls  tensor([1., 1., 1., 1., 1., 1., 1., 1., 1., 1., 1., 1., 1., 1., 1., 1., 1., 1.,
        1., 1., 1., 1., 1., 1., 1., 1., 1., 1., 1., 1., 1., 1., 1., 1., 1., 1.,
        1., 1., 1., 1., 1., 1., 1., 1., 1., 1., 1., 1., 1., 1., 1., 1., 1., 1.,
        1., 1., 1., 1., 1., 1., 1., 1., 1., 1., 1., 1., 1., 1., 1., 1., 1., 1.,
        1., 1., 1., 1., 1., 1., 1., 1., 1., 1., 1., 1., 1., 1., 1., 1., 1., 1.,
        1., 1., 1., 1., 1., 1., 1., 1., 1., 1., 1., 1., 1., 1., 1., 1., 1., 1.,
        1., 1., 1., 1., 1., 1., 1., 1., 1., 1., 1., 1., 1., 1., 1., 1., 1., 1.,
        1., 1., 1., 1., 1., 1., 1., 1., 1., 1., 1., 1., 1., 1., 1., 1., 1., 1.,
        1., 1., 1., 1., 1., 1., 1., 1., 1., 1., 1., 1., 1., 1., 1., 1., 1., 1.,
        1., 1., 1., 1., 1., 1., 1., 1., 1., 1., 1., 1., 1., 1., 1., 1., 1., 1.,
        1., 1., 1., 1., 1., 1., 1., 1., 1., 1., 1., 1., 1., 1., 1., 1., 1., 1.,
        1., 1., 1., 1., 1., 1., 1., 1., 1., 1., 1., 1., 1., 1., 1., 1., 1., 1.,
        1., 1., 1., 1., 1., 1., 1., 1., 1., 1., 1., 1., 1., 1., 1., 1., 1., 1.,
        1., 1., 1., 1., 1., 1., 1., 1., 1., 1., 1., 1., 1., 1., 1., 1., 1., 1.,
        1., 1., 1., 1.], device='cuda:2')
pre_train: /home/balaji/crossView_CL/pretrained/NUCLA/setup1/Multi/pretrainedRHdyan_for_CL.pth
loaded rr  tensor([1.0599, 0.9743, 0.9663, 1.0703, 0.9268, 1.0206, 1.0072, 0.8694, 1.0412,
        0.8684, 1.0341, 1.0315, 0.9607, 0.8662, 0.9808, 0.8436, 1.0713, 0.9619,
        0.8533, 0.8830, 0.9458, 1.0024, 0.9725, 0.8735, 1.0197, 1.0501, 0.9950,
        1.0803, 0.9276, 1.0258, 0.9668, 0.8809, 0.8451, 1.0097, 1.0486, 1.0795,
        1.0817, 0.9156, 1.0775, 0.9241, 0.9034, 0.9111, 0.9747, 1.0095, 0.8571,
        1.0324, 0.8895, 1.0864, 1.0823, 1.0429, 0.9402, 1.0635, 0.9906, 0.9406,
        1.0659, 1.0572, 0.8507, 1.0796, 0.9868, 1.0320, 1.0559, 0.8908, 0.9269,
        1.0619, 0.9963, 0.9183, 1.0403, 0.8440, 0.8867, 0.8616, 1.0331, 1.0858,
        0.9757, 0.8722, 0.9442, 0.9596, 0.9335, 1.0722, 0.9340, 1.0885],
       device='cuda:2')
loaded theta  tensor([1.3831, 2.4351, 1.6302, 1.5173, 0.7894, 3.0460, 2.6738, 2.0410, 0.7377,
        2.2888, 1.8529, 1.5642, 2.5720, 2.1206, 0.6029, 1.4175, 1.4665, 0.3462,
        2.0224, 2.8426, 0.5185, 2.8750, 1.4217, 2.9278, 2.1216, 1.2670, 0.3556,
        2.2961, 1.4546, 1.7748, 1.0654, 2.8268, 0.6468, 2.9488, 2.0768, 3.0085,
        1.2792, 1.6970, 2.6287, 2.2216, 1.1125, 0.2004, 0.5884, 0.7404, 2.4684,
        0.9092, 1.3778, 2.8066, 2.2928, 0.7396, 2.2984, 1.3781, 0.8437, 0.4658,
        3.0172, 1.8672, 1.2320, 3.0912, 0.1108, 0.9424, 1.3398, 2.3283, 1.5204,
        1.8600, 1.6995, 1.3323, 0.9231, 3.1122, 1.2911, 2.0694, 1.4857, 1.2852,
        2.5297, 0.4884, 1.6341, 0.5822, 1.7197, 1.2677, 2.9984, 2.8182],
       device='cuda:2')
cls  tensor([0.9344, 0.9104, 0.9224, 0.9495, 0.8745, 0.9281, 0.9170, 0.8813, 0.9135,
        0.9167, 0.9128, 0.9217, 0.9071, 0.9115, 0.9264, 0.9312, 0.9246, 0.9167,
        0.9412, 0.9388, 0.9369, 0.9092, 0.9272, 0.9028, 0.8999, 0.9275, 0.9200,
        0.9357, 0.9632, 0.9076, 0.9019, 0.9257, 0.9120, 0.9179, 0.9378, 0.9273,
        0.9524, 0.9265, 0.9110, 0.9396, 0.9158, 0.9356, 0.9098, 0.8901, 0.9339,
        0.9193, 0.9158, 0.9250, 0.8982, 0.9240, 0.9092, 0.9396, 0.9270, 0.9223,
        0.9072, 0.9067, 0.9393, 0.9303, 0.9293, 0.9176, 0.9221, 0.9155, 0.9250,
        0.9279, 0.9150, 0.9057, 0.9334, 0.9218, 0.9479, 0.9165, 0.9066, 0.9358,
        0.9068, 0.9154, 0.9170, 0.9256, 0.9381, 0.9110, 0.9388, 0.9214, 0.9144,
        0.9225, 0.9171, 0.9306, 0.9068, 0.9198, 0.9446, 0.9310, 0.9394, 0.9236,
        0.9295, 0.9253, 0.9230, 0.9249, 0.9372, 0.9032, 0.9143, 0.9323, 0.9350,
        0.9225, 0.9066, 0.9104, 0.8945, 0.9438, 0.8875, 0.9379, 0.9098, 0.9301,
        0.9014, 0.9335, 0.9175, 0.9318, 0.9119, 0.9220, 0.9146, 0.8888, 0.9098,
        0.9193, 0.9004, 0.9145, 0.9168, 0.9148, 0.9166, 0.8970, 0.9252, 0.9193,
        0.9231, 0.9227, 0.8900, 0.9313, 0.9002, 0.9104, 0.9166, 0.9223, 0.9125,
        0.8969, 0.9149, 0.9055, 0.9250, 0.9297, 0.9098, 0.9292, 0.9167, 0.9295,
        0.8969, 0.8902, 0.9120, 0.9338, 0.9227, 0.9202, 0.9350, 0.9192, 0.9325,
        0.9409, 0.9116, 0.9070, 0.9167, 0.9036, 0.9052, 0.8936, 0.9224, 0.9325,
        0.9132, 0.9435, 0.9271, 0.9192, 0.9448, 0.9163, 0.9303, 0.9138, 0.9089,
        0.9102, 0.9222, 0.9375, 0.9266, 0.9202, 0.8971, 0.9298, 0.9163, 0.9070,
        0.9352, 0.9076, 0.9224, 0.9370, 0.9420, 0.8945, 0.9343, 0.9397, 0.9243,
        0.9302, 0.9098, 0.9388, 0.9285, 0.8863, 0.8998, 0.9070, 0.9139, 0.9079,
        0.9084, 0.9116, 0.9291, 0.9268, 0.9326, 0.9230, 0.9273, 0.9029, 0.9218,
        0.9615, 0.8997, 0.9194, 0.9240, 0.9326, 0.9510, 0.9165, 0.9293, 0.9099,
        0.9333, 0.9191, 0.9338, 0.9275, 0.9135, 0.9258, 0.8982, 0.9286, 0.9260,
        0.9392, 0.9064, 0.9313, 0.9065, 0.9306, 0.9278, 0.9182, 0.8996, 0.8938,
        0.9251, 0.9209, 0.9128, 0.9052, 0.9056, 0.9440, 0.9503, 0.9302, 0.9201,
        0.8912, 0.9149, 0.9026, 0.9090, 0.9258, 0.9598, 0.8876, 0.9284, 0.9164,
        0.9001, 0.9308, 0.8970, 0.9160], device='cuda:2')
new_dict  odict_keys(['backbone.sparseCoding.rr', 'backbone.sparseCoding.theta', 'backbone.Classifier.conv1.weight', 'backbone.Classifier.conv1.bias', 'backbone.Classifier.bn1.weight', 'backbone.Classifier.bn1.bias', 'backbone.Classifier.bn1.running_mean', 'backbone.Classifier.bn1.running_var', 'backbone.Classifier.bn1.num_batches_tracked', 'backbone.Classifier.conv2.weight', 'backbone.Classifier.conv2.bias', 'backbone.Classifier.bn2.weight', 'backbone.Classifier.bn2.bias', 'backbone.Classifier.bn2.running_mean', 'backbone.Classifier.bn2.running_var', 'backbone.Classifier.bn2.num_batches_tracked', 'backbone.Classifier.conv3.weight', 'backbone.Classifier.conv3.bias', 'backbone.Classifier.bn3.weight', 'backbone.Classifier.bn3.bias', 'backbone.Classifier.bn3.running_mean', 'backbone.Classifier.bn3.running_var', 'backbone.Classifier.bn3.num_batches_tracked', 'backbone.Classifier.conv4.weight', 'backbone.Classifier.conv4.bias', 'backbone.Classifier.bn4.weight', 'backbone.Classifier.bn4.bias', 'backbone.Classifier.bn4.running_mean', 'backbone.Classifier.bn4.running_var', 'backbone.Classifier.bn4.num_batches_tracked', 'backbone.Classifier.conv5.weight', 'backbone.Classifier.conv5.bias', 'backbone.Classifier.bn5.weight', 'backbone.Classifier.bn5.bias', 'backbone.Classifier.bn5.running_mean', 'backbone.Classifier.bn5.running_var', 'backbone.Classifier.bn5.num_batches_tracked', 'backbone.Classifier.conv6.weight', 'backbone.Classifier.conv6.bias', 'backbone.Classifier.bn6.weight', 'backbone.Classifier.bn6.bias', 'backbone.Classifier.bn6.running_mean', 'backbone.Classifier.bn6.running_var', 'backbone.Classifier.bn6.num_batches_tracked', 'backbone.Classifier.fc.weight', 'backbone.Classifier.fc.bias', 'backbone.Classifier.fc2.weight', 'backbone.Classifier.fc2.bias', 'backbone.Classifier.fc3.weight', 'backbone.Classifier.fc3.bias', 'backbone.Classifier.cls.0.weight', 'backbone.Classifier.cls.0.bias', 'proj.weight', 'proj.bias'])
stateDict keys  odict_keys(['backbone.sparseCoding.rr', 'backbone.sparseCoding.theta', 'backbone.Classifier.conv1.weight', 'backbone.Classifier.conv1.bias', 'backbone.Classifier.bn1.weight', 'backbone.Classifier.bn1.bias', 'backbone.Classifier.bn1.running_mean', 'backbone.Classifier.bn1.running_var', 'backbone.Classifier.bn1.num_batches_tracked', 'backbone.Classifier.conv2.weight', 'backbone.Classifier.conv2.bias', 'backbone.Classifier.bn2.weight', 'backbone.Classifier.bn2.bias', 'backbone.Classifier.bn2.running_mean', 'backbone.Classifier.bn2.running_var', 'backbone.Classifier.bn2.num_batches_tracked', 'backbone.Classifier.conv3.weight', 'backbone.Classifier.conv3.bias', 'backbone.Classifier.bn3.weight', 'backbone.Classifier.bn3.bias', 'backbone.Classifier.bn3.running_mean', 'backbone.Classifier.bn3.running_var', 'backbone.Classifier.bn3.num_batches_tracked', 'backbone.Classifier.conv4.weight', 'backbone.Classifier.conv4.bias', 'backbone.Classifier.bn4.weight', 'backbone.Classifier.bn4.bias', 'backbone.Classifier.bn4.running_mean', 'backbone.Classifier.bn4.running_var', 'backbone.Classifier.bn4.num_batches_tracked', 'backbone.Classifier.conv5.weight', 'backbone.Classifier.conv5.bias', 'backbone.Classifier.bn5.weight', 'backbone.Classifier.bn5.bias', 'backbone.Classifier.bn5.running_mean', 'backbone.Classifier.bn5.running_var', 'backbone.Classifier.bn5.num_batches_tracked', 'backbone.Classifier.conv6.weight', 'backbone.Classifier.conv6.bias', 'backbone.Classifier.bn6.weight', 'backbone.Classifier.bn6.bias', 'backbone.Classifier.bn6.running_mean', 'backbone.Classifier.bn6.running_var', 'backbone.Classifier.bn6.num_batches_tracked', 'backbone.Classifier.fc.weight', 'backbone.Classifier.fc.bias', 'backbone.Classifier.fc2.weight', 'backbone.Classifier.fc2.bias', 'backbone.Classifier.fc3.weight', 'backbone.Classifier.fc3.bias', 'backbone.Classifier.cls.0.weight', 'backbone.Classifier.cls.0.bias', 'proj.weight', 'proj.bias'])
plist  36
noplist  36
p  backbone.sparseCoding.rr False
p  backbone.sparseCoding.theta False
p  backbone.Classifier.conv1.weight True
p  backbone.Classifier.conv1.bias True
p  backbone.Classifier.bn1.weight True
p  backbone.Classifier.bn1.bias True
p  backbone.Classifier.conv2.weight True
p  backbone.Classifier.conv2.bias True
p  backbone.Classifier.bn2.weight True
p  backbone.Classifier.bn2.bias True
p  backbone.Classifier.conv3.weight True
p  backbone.Classifier.conv3.bias True
p  backbone.Classifier.bn3.weight True
p  backbone.Classifier.bn3.bias True
p  backbone.Classifier.conv4.weight True
p  backbone.Classifier.conv4.bias True
p  backbone.Classifier.bn4.weight True
p  backbone.Classifier.bn4.bias True
p  backbone.Classifier.conv5.weight True
p  backbone.Classifier.conv5.bias True
p  backbone.Classifier.bn5.weight True
p  backbone.Classifier.bn5.bias True
p  backbone.Classifier.conv6.weight True
p  backbone.Classifier.conv6.bias True
p  backbone.Classifier.bn6.weight True
p  backbone.Classifier.bn6.bias True
p  backbone.Classifier.fc.weight True
p  backbone.Classifier.fc.bias True
p  backbone.Classifier.fc2.weight True
p  backbone.Classifier.fc2.bias True
p  backbone.Classifier.fc3.weight True
p  backbone.Classifier.fc3.bias True
p  backbone.Classifier.cls.0.weight True
p  backbone.Classifier.cls.0.bias True
p  proj.weight True
p  proj.bias True
after rr  tensor([1.0599, 0.9743, 0.9663, 1.0703, 0.9268, 1.0206, 1.0072, 0.8694, 1.0412,
        0.8684, 1.0341, 1.0315, 0.9607, 0.8662, 0.9808, 0.8436, 1.0713, 0.9619,
        0.8533, 0.8830, 0.9458, 1.0024, 0.9725, 0.8735, 1.0197, 1.0501, 0.9950,
        1.0803, 0.9276, 1.0258, 0.9668, 0.8809, 0.8451, 1.0097, 1.0486, 1.0795,
        1.0817, 0.9156, 1.0775, 0.9241, 0.9034, 0.9111, 0.9747, 1.0095, 0.8571,
        1.0324, 0.8895, 1.0864, 1.0823, 1.0429, 0.9402, 1.0635, 0.9906, 0.9406,
        1.0659, 1.0572, 0.8507, 1.0796, 0.9868, 1.0320, 1.0559, 0.8908, 0.9269,
        1.0619, 0.9963, 0.9183, 1.0403, 0.8440, 0.8867, 0.8616, 1.0331, 1.0858,
        0.9757, 0.8722, 0.9442, 0.9596, 0.9335, 1.0722, 0.9340, 1.0885],
       device='cuda:2')
after theta  tensor([1.3831, 2.4351, 1.6302, 1.5173, 0.7894, 3.0460, 2.6738, 2.0410, 0.7377,
        2.2888, 1.8529, 1.5642, 2.5720, 2.1206, 0.6029, 1.4175, 1.4665, 0.3462,
        2.0224, 2.8426, 0.5185, 2.8750, 1.4217, 2.9278, 2.1216, 1.2670, 0.3556,
        2.2961, 1.4546, 1.7748, 1.0654, 2.8268, 0.6468, 2.9488, 2.0768, 3.0085,
        1.2792, 1.6970, 2.6287, 2.2216, 1.1125, 0.2004, 0.5884, 0.7404, 2.4684,
        0.9092, 1.3778, 2.8066, 2.2928, 0.7396, 2.2984, 1.3781, 0.8437, 0.4658,
        3.0172, 1.8672, 1.2320, 3.0912, 0.1108, 0.9424, 1.3398, 2.3283, 1.5204,
        1.8600, 1.6995, 1.3323, 0.9231, 3.1122, 1.2911, 2.0694, 1.4857, 1.2852,
        2.5297, 0.4884, 1.6341, 0.5822, 1.7197, 1.2677, 2.9984, 2.8182],
       device='cuda:2')
cls  tensor([0.9344, 0.9104, 0.9224, 0.9495, 0.8745, 0.9281, 0.9170, 0.8813, 0.9135,
        0.9167, 0.9128, 0.9217, 0.9071, 0.9115, 0.9264, 0.9312, 0.9246, 0.9167,
        0.9412, 0.9388, 0.9369, 0.9092, 0.9272, 0.9028, 0.8999, 0.9275, 0.9200,
        0.9357, 0.9632, 0.9076, 0.9019, 0.9257, 0.9120, 0.9179, 0.9378, 0.9273,
        0.9524, 0.9265, 0.9110, 0.9396, 0.9158, 0.9356, 0.9098, 0.8901, 0.9339,
        0.9193, 0.9158, 0.9250, 0.8982, 0.9240, 0.9092, 0.9396, 0.9270, 0.9223,
        0.9072, 0.9067, 0.9393, 0.9303, 0.9293, 0.9176, 0.9221, 0.9155, 0.9250,
        0.9279, 0.9150, 0.9057, 0.9334, 0.9218, 0.9479, 0.9165, 0.9066, 0.9358,
        0.9068, 0.9154, 0.9170, 0.9256, 0.9381, 0.9110, 0.9388, 0.9214, 0.9144,
        0.9225, 0.9171, 0.9306, 0.9068, 0.9198, 0.9446, 0.9310, 0.9394, 0.9236,
        0.9295, 0.9253, 0.9230, 0.9249, 0.9372, 0.9032, 0.9143, 0.9323, 0.9350,
        0.9225, 0.9066, 0.9104, 0.8945, 0.9438, 0.8875, 0.9379, 0.9098, 0.9301,
        0.9014, 0.9335, 0.9175, 0.9318, 0.9119, 0.9220, 0.9146, 0.8888, 0.9098,
        0.9193, 0.9004, 0.9145, 0.9168, 0.9148, 0.9166, 0.8970, 0.9252, 0.9193,
        0.9231, 0.9227, 0.8900, 0.9313, 0.9002, 0.9104, 0.9166, 0.9223, 0.9125,
        0.8969, 0.9149, 0.9055, 0.9250, 0.9297, 0.9098, 0.9292, 0.9167, 0.9295,
        0.8969, 0.8902, 0.9120, 0.9338, 0.9227, 0.9202, 0.9350, 0.9192, 0.9325,
        0.9409, 0.9116, 0.9070, 0.9167, 0.9036, 0.9052, 0.8936, 0.9224, 0.9325,
        0.9132, 0.9435, 0.9271, 0.9192, 0.9448, 0.9163, 0.9303, 0.9138, 0.9089,
        0.9102, 0.9222, 0.9375, 0.9266, 0.9202, 0.8971, 0.9298, 0.9163, 0.9070,
        0.9352, 0.9076, 0.9224, 0.9370, 0.9420, 0.8945, 0.9343, 0.9397, 0.9243,
        0.9302, 0.9098, 0.9388, 0.9285, 0.8863, 0.8998, 0.9070, 0.9139, 0.9079,
        0.9084, 0.9116, 0.9291, 0.9268, 0.9326, 0.9230, 0.9273, 0.9029, 0.9218,
        0.9615, 0.8997, 0.9194, 0.9240, 0.9326, 0.9510, 0.9165, 0.9293, 0.9099,
        0.9333, 0.9191, 0.9338, 0.9275, 0.9135, 0.9258, 0.8982, 0.9286, 0.9260,
        0.9392, 0.9064, 0.9313, 0.9065, 0.9306, 0.9278, 0.9182, 0.8996, 0.8938,
        0.9251, 0.9209, 0.9128, 0.9052, 0.9056, 0.9440, 0.9503, 0.9302, 0.9201,
        0.8912, 0.9149, 0.9026, 0.9090, 0.9258, 0.9598, 0.8876, 0.9284, 0.9164,
        0.9001, 0.9308, 0.8970, 0.9160], device='cuda:2')
optimizer  SGD (
Parameter Group 0
    dampening: 0
    lr: 0.001
    momentum: 0.9
    nesterov: False
    weight_decay: 0.001
)
lr_step  [50, 80]
lr_drop  0.1
start training epoch: 0
epoch: 0 |loss: 0.8886222139990423 |cls: 0.43932333236989507 |mse: 0.008433508111920673 |bi: 0.015420407209603582
training time(min): 10.0117294271787
sample: 0
sample: 1
sample: 2
sample: 3
sample: 4
sample: 5
sample: 6
sample: 7
sample: 8
sample: 9
sample: 10
sample: 11
sample: 12
sample: 13
sample: 14
sample: 15
sample: 16
sample: 17
sample: 18
sample: 19
sample: 20
sample: 21
sample: 22
sample: 23
sample: 24
sample: 25
sample: 26
sample: 27
sample: 28
sample: 29
sample: 30
sample: 31
sample: 32
sample: 33
sample: 34
sample: 35
sample: 36
sample: 37
sample: 38
sample: 39
sample: 40
sample: 41
sample: 42
sample: 43
sample: 44
sample: 45
sample: 46
sample: 47
sample: 48
sample: 49
sample: 50
sample: 51
sample: 52
sample: 53
sample: 54
sample: 55
sample: 56
sample: 57
testing epoch: 0 Acc:0.7996
start training epoch: 1
epoch: 1 |loss: 0.8189351027613156 |cls: 0.4044967368899961 |mse: 0.008401149802921282 |bi: 0.015404810972540872
training time(min): 9.656260589758555
start training epoch: 2
epoch: 2 |loss: 0.48524077890760964 |cls: 0.23764038469494153 |mse: 0.008419743417107384 |bi: 0.015402650089527015
training time(min): 10.081400028864543
start training epoch: 3
epoch: 3 |loss: 0.5270478055426793 |cls: 0.25853981687760097 |mse: 0.008426222564594354 |bi: 0.015419474610098405
training time(min): 10.50660313765208
start training epoch: 4
