gumbel thresh: 0.505
mode: dy+bi+cl model path: ./ModelFile/crossView_NUCLA/Multi/dy+bi+cl/DIR-tenc-mean-nf/ gpu: 2
is_clstoken  True
mean   True
seq_len  5
input projection present encoder:  4025
output projection present encoder:  4025
embed_dim:  8050
embed_proj_dim:  4025
ff_dim:  2048
num_heads:  7
num_layers:  2
dropout:  0.1
seq_len:  5
keys  odict_keys(['backbone.sparseCoding.rr', 'backbone.sparseCoding.theta', 'backbone.transformer_encoder.cls_token', 'backbone.transformer_encoder.input_layer.weight', 'backbone.transformer_encoder.input_layer.bias', 'backbone.transformer_encoder.output_layer.weight', 'backbone.transformer_encoder.output_layer.bias', 'backbone.transformer_encoder.pos_encoder.pe', 'backbone.transformer_encoder.encoder_layer.self_attn.in_proj_weight', 'backbone.transformer_encoder.encoder_layer.self_attn.in_proj_bias', 'backbone.transformer_encoder.encoder_layer.self_attn.out_proj.weight', 'backbone.transformer_encoder.encoder_layer.self_attn.out_proj.bias', 'backbone.transformer_encoder.encoder_layer.linear1.weight', 'backbone.transformer_encoder.encoder_layer.linear1.bias', 'backbone.transformer_encoder.encoder_layer.linear2.weight', 'backbone.transformer_encoder.encoder_layer.linear2.bias', 'backbone.transformer_encoder.encoder_layer.norm1.weight', 'backbone.transformer_encoder.encoder_layer.norm1.bias', 'backbone.transformer_encoder.encoder_layer.norm2.weight', 'backbone.transformer_encoder.encoder_layer.norm2.bias', 'backbone.transformer_encoder.transformer_encoder.layers.0.self_attn.in_proj_weight', 'backbone.transformer_encoder.transformer_encoder.layers.0.self_attn.in_proj_bias', 'backbone.transformer_encoder.transformer_encoder.layers.0.self_attn.out_proj.weight', 'backbone.transformer_encoder.transformer_encoder.layers.0.self_attn.out_proj.bias', 'backbone.transformer_encoder.transformer_encoder.layers.0.linear1.weight', 'backbone.transformer_encoder.transformer_encoder.layers.0.linear1.bias', 'backbone.transformer_encoder.transformer_encoder.layers.0.linear2.weight', 'backbone.transformer_encoder.transformer_encoder.layers.0.linear2.bias', 'backbone.transformer_encoder.transformer_encoder.layers.0.norm1.weight', 'backbone.transformer_encoder.transformer_encoder.layers.0.norm1.bias', 'backbone.transformer_encoder.transformer_encoder.layers.0.norm2.weight', 'backbone.transformer_encoder.transformer_encoder.layers.0.norm2.bias', 'backbone.transformer_encoder.transformer_encoder.layers.1.self_attn.in_proj_weight', 'backbone.transformer_encoder.transformer_encoder.layers.1.self_attn.in_proj_bias', 'backbone.transformer_encoder.transformer_encoder.layers.1.self_attn.out_proj.weight', 'backbone.transformer_encoder.transformer_encoder.layers.1.self_attn.out_proj.bias', 'backbone.transformer_encoder.transformer_encoder.layers.1.linear1.weight', 'backbone.transformer_encoder.transformer_encoder.layers.1.linear1.bias', 'backbone.transformer_encoder.transformer_encoder.layers.1.linear2.weight', 'backbone.transformer_encoder.transformer_encoder.layers.1.linear2.bias', 'backbone.transformer_encoder.transformer_encoder.layers.1.norm1.weight', 'backbone.transformer_encoder.transformer_encoder.layers.1.norm1.bias', 'backbone.transformer_encoder.transformer_encoder.layers.1.norm2.weight', 'backbone.transformer_encoder.transformer_encoder.layers.1.norm2.bias', 'backbone.Classifier.conv1.weight', 'backbone.Classifier.conv1.bias', 'backbone.Classifier.bn1.weight', 'backbone.Classifier.bn1.bias', 'backbone.Classifier.bn1.running_mean', 'backbone.Classifier.bn1.running_var', 'backbone.Classifier.bn1.num_batches_tracked', 'backbone.Classifier.conv2.weight', 'backbone.Classifier.conv2.bias', 'backbone.Classifier.bn2.weight', 'backbone.Classifier.bn2.bias', 'backbone.Classifier.bn2.running_mean', 'backbone.Classifier.bn2.running_var', 'backbone.Classifier.bn2.num_batches_tracked', 'backbone.Classifier.conv3.weight', 'backbone.Classifier.conv3.bias', 'backbone.Classifier.bn3.weight', 'backbone.Classifier.bn3.bias', 'backbone.Classifier.bn3.running_mean', 'backbone.Classifier.bn3.running_var', 'backbone.Classifier.bn3.num_batches_tracked', 'backbone.Classifier.conv4.weight', 'backbone.Classifier.conv4.bias', 'backbone.Classifier.bn4.weight', 'backbone.Classifier.bn4.bias', 'backbone.Classifier.bn4.running_mean', 'backbone.Classifier.bn4.running_var', 'backbone.Classifier.bn4.num_batches_tracked', 'backbone.Classifier.conv5.weight', 'backbone.Classifier.conv5.bias', 'backbone.Classifier.bn5.weight', 'backbone.Classifier.bn5.bias', 'backbone.Classifier.bn5.running_mean', 'backbone.Classifier.bn5.running_var', 'backbone.Classifier.bn5.num_batches_tracked', 'backbone.Classifier.conv6.weight', 'backbone.Classifier.conv6.bias', 'backbone.Classifier.bn6.weight', 'backbone.Classifier.bn6.bias', 'backbone.Classifier.bn6.running_mean', 'backbone.Classifier.bn6.running_var', 'backbone.Classifier.bn6.num_batches_tracked', 'backbone.Classifier.fc.weight', 'backbone.Classifier.fc.bias', 'backbone.Classifier.fc2.weight', 'backbone.Classifier.fc2.bias', 'backbone.Classifier.fc3.weight', 'backbone.Classifier.fc3.bias', 'backbone.Classifier.cls.0.weight', 'backbone.Classifier.cls.0.bias', 'proj.weight', 'proj.bias'])
cls token  tensor([[[ 0.0742, -0.6031, -0.0750,  ..., -1.3075,  0.4966, -0.7540]]],
       device='cuda:2')
rr  tensor([1.0738, 0.9827, 0.9756, 1.1247, 0.9363, 1.0295, 1.0171, 0.8772, 1.1414,
        0.8764, 1.0417, 1.0411, 0.9704, 0.8741, 1.0286, 0.8505, 1.1323, 1.0011,
        0.8609, 0.8905, 0.9876, 1.0116, 0.9802, 0.8808, 1.0316, 1.0559, 1.1463,
        1.0903, 0.9350, 1.0455, 0.9752, 0.8884, 0.8512, 1.0178, 1.0932, 1.1434,
        1.1080, 0.9231, 1.1499, 0.9333, 0.9124, 0.8827, 1.0343, 1.0172, 0.8646,
        1.1115, 0.8968, 1.1214, 1.1036, 1.0951, 0.9496, 1.1026, 1.0418, 0.9571,
        1.0756, 1.0673, 0.8579, 1.1263, 1.0073, 1.1280, 1.0781, 0.8988, 0.9347,
        1.0849, 1.0072, 0.9259, 1.0844, 0.8510, 0.8943, 0.8692, 1.0417, 1.1310,
        0.9874, 0.8866, 0.9528, 0.9757, 0.9415, 1.1430, 0.9416, 1.1242],
       device='cuda:2')
theta  tensor([1.3939, 2.4549, 1.6436, 1.5352, 0.7960, 3.0716, 2.6964, 2.0584, 0.7135,
        2.3078, 1.8680, 1.5814, 2.5930, 2.1385, 0.6050, 1.4292, 1.4744, 0.3818,
        2.0396, 2.8664, 0.4994, 2.8990, 1.4337, 2.9520, 2.1435, 1.2748, 0.3789,
        2.3218, 1.4669, 1.7877, 1.0691, 2.8505, 0.6513, 2.9708, 2.0885, 3.0277,
        1.2882, 1.7110, 2.6468, 2.2400, 1.1219, 0.2007, 0.5942, 0.7402, 2.4891,
        0.8861, 1.3891, 2.8232, 2.3094, 0.7382, 2.3175, 1.3819, 0.8533, 0.4777,
        3.0391, 1.8822, 1.2420, 3.1185, 0.1625, 0.9867, 1.3501, 2.3475, 1.5333,
        1.8721, 1.7133, 1.3431, 0.9326, 3.1381, 1.3014, 2.0869, 1.4987, 1.2876,
        2.5508, 0.4858, 1.6475, 0.5840, 1.7340, 1.2651, 3.0234, 2.8446],
       device='cuda:2')
cls  tensor([1., 1., 1., 1., 1., 1., 1., 1., 1., 1., 1., 1., 1., 1., 1., 1., 1., 1.,
        1., 1., 1., 1., 1., 1., 1., 1., 1., 1., 1., 1., 1., 1., 1., 1., 1., 1.,
        1., 1., 1., 1., 1., 1., 1., 1., 1., 1., 1., 1., 1., 1., 1., 1., 1., 1.,
        1., 1., 1., 1., 1., 1., 1., 1., 1., 1., 1., 1., 1., 1., 1., 1., 1., 1.,
        1., 1., 1., 1., 1., 1., 1., 1., 1., 1., 1., 1., 1., 1., 1., 1., 1., 1.,
        1., 1., 1., 1., 1., 1., 1., 1., 1., 1., 1., 1., 1., 1., 1., 1., 1., 1.,
        1., 1., 1., 1., 1., 1., 1., 1., 1., 1., 1., 1., 1., 1., 1., 1., 1., 1.,
        1., 1., 1., 1., 1., 1., 1., 1., 1., 1., 1., 1., 1., 1., 1., 1., 1., 1.,
        1., 1., 1., 1., 1., 1., 1., 1., 1., 1., 1., 1., 1., 1., 1., 1., 1., 1.,
        1., 1., 1., 1., 1., 1., 1., 1., 1., 1., 1., 1., 1., 1., 1., 1., 1., 1.,
        1., 1., 1., 1., 1., 1., 1., 1., 1., 1., 1., 1., 1., 1., 1., 1., 1., 1.,
        1., 1., 1., 1., 1., 1., 1., 1., 1., 1., 1., 1., 1., 1., 1., 1., 1., 1.,
        1., 1., 1., 1., 1., 1., 1., 1., 1., 1., 1., 1., 1., 1., 1., 1., 1., 1.,
        1., 1., 1., 1., 1., 1., 1., 1., 1., 1., 1., 1., 1., 1., 1., 1., 1., 1.,
        1., 1., 1., 1.], device='cuda:2')
pre_train: /home/balaji/crossView_CL/ModelFile/crossView_NUCLA/Multi/dy+bi+cl/dir-tenc-cl-mean/120.pth
loaded cls token  tensor([[[ 0.0678, -0.5492, -0.0683,  ..., -1.1908,  0.4520, -0.6864]]],
       device='cuda:2')
loaded rr  tensor([1.0599, 0.9743, 0.9663, 1.0703, 0.9268, 1.0206, 1.0072, 0.8694, 1.0412,
        0.8684, 1.0341, 1.0315, 0.9607, 0.8662, 0.9808, 0.8436, 1.0713, 0.9619,
        0.8533, 0.8830, 0.9458, 1.0024, 0.9725, 0.8735, 1.0197, 1.0501, 0.9950,
        1.0803, 0.9276, 1.0258, 0.9668, 0.8809, 0.8451, 1.0097, 1.0486, 1.0795,
        1.0817, 0.9156, 1.0775, 0.9241, 0.9034, 0.9111, 0.9747, 1.0095, 0.8571,
        1.0324, 0.8895, 1.0864, 1.0823, 1.0429, 0.9402, 1.0635, 0.9906, 0.9406,
        1.0659, 1.0572, 0.8507, 1.0796, 0.9868, 1.0320, 1.0559, 0.8908, 0.9269,
        1.0619, 0.9963, 0.9183, 1.0403, 0.8440, 0.8867, 0.8616, 1.0331, 1.0858,
        0.9757, 0.8722, 0.9442, 0.9596, 0.9335, 1.0722, 0.9340, 1.0885],
       device='cuda:2')
loaded theta  tensor([1.3831, 2.4351, 1.6302, 1.5173, 0.7894, 3.0460, 2.6738, 2.0410, 0.7377,
        2.2888, 1.8529, 1.5642, 2.5720, 2.1206, 0.6029, 1.4175, 1.4665, 0.3462,
        2.0224, 2.8426, 0.5185, 2.8750, 1.4217, 2.9278, 2.1216, 1.2670, 0.3556,
        2.2961, 1.4546, 1.7748, 1.0654, 2.8268, 0.6468, 2.9488, 2.0768, 3.0085,
        1.2792, 1.6970, 2.6287, 2.2216, 1.1125, 0.2004, 0.5884, 0.7404, 2.4684,
        0.9092, 1.3778, 2.8066, 2.2928, 0.7396, 2.2984, 1.3781, 0.8437, 0.4658,
        3.0172, 1.8672, 1.2320, 3.0912, 0.1108, 0.9424, 1.3398, 2.3283, 1.5204,
        1.8600, 1.6995, 1.3323, 0.9231, 3.1122, 1.2911, 2.0694, 1.4857, 1.2852,
        2.5297, 0.4884, 1.6341, 0.5822, 1.7197, 1.2677, 2.9984, 2.8182],
       device='cuda:2')
cls  tensor([0.8501, 0.8304, 0.8399, 0.8656, 0.7951, 0.8495, 0.8367, 0.8045, 0.8315,
        0.8346, 0.8355, 0.8365, 0.8201, 0.8282, 0.8473, 0.8448, 0.8442, 0.8319,
        0.8588, 0.8521, 0.8512, 0.8255, 0.8393, 0.8261, 0.8193, 0.8473, 0.8370,
        0.8597, 0.8751, 0.8255, 0.8253, 0.8407, 0.8280, 0.8370, 0.8604, 0.8473,
        0.8651, 0.8447, 0.8318, 0.8487, 0.8350, 0.8500, 0.8274, 0.8022, 0.8475,
        0.8413, 0.8316, 0.8393, 0.8229, 0.8409, 0.8307, 0.8596, 0.8457, 0.8425,
        0.8194, 0.8268, 0.8556, 0.8485, 0.8438, 0.8335, 0.8330, 0.8314, 0.8434,
        0.8416, 0.8375, 0.8239, 0.8493, 0.8421, 0.8607, 0.8365, 0.8267, 0.8485,
        0.8227, 0.8303, 0.8312, 0.8398, 0.8540, 0.8328, 0.8556, 0.8385, 0.8309,
        0.8417, 0.8307, 0.8517, 0.8200, 0.8409, 0.8578, 0.8444, 0.8580, 0.8369,
        0.8484, 0.8407, 0.8439, 0.8353, 0.8539, 0.8189, 0.8311, 0.8423, 0.8446,
        0.8441, 0.8261, 0.8253, 0.8221, 0.8547, 0.8060, 0.8552, 0.8289, 0.8427,
        0.8278, 0.8543, 0.8287, 0.8580, 0.8296, 0.8384, 0.8289, 0.8047, 0.8282,
        0.8393, 0.8169, 0.8399, 0.8317, 0.8332, 0.8359, 0.8187, 0.8432, 0.8413,
        0.8377, 0.8482, 0.8078, 0.8444, 0.8169, 0.8281, 0.8359, 0.8396, 0.8348,
        0.8171, 0.8313, 0.8224, 0.8377, 0.8497, 0.8353, 0.8440, 0.8315, 0.8469,
        0.8102, 0.8078, 0.8342, 0.8510, 0.8388, 0.8352, 0.8547, 0.8424, 0.8494,
        0.8638, 0.8326, 0.8254, 0.8351, 0.8287, 0.8268, 0.8180, 0.8465, 0.8523,
        0.8270, 0.8598, 0.8504, 0.8416, 0.8609, 0.8355, 0.8488, 0.8371, 0.8323,
        0.8245, 0.8379, 0.8567, 0.8400, 0.8372, 0.8174, 0.8401, 0.8387, 0.8265,
        0.8513, 0.8339, 0.8386, 0.8513, 0.8586, 0.8218, 0.8498, 0.8528, 0.8396,
        0.8472, 0.8293, 0.8510, 0.8413, 0.8074, 0.8183, 0.8274, 0.8327, 0.8312,
        0.8321, 0.8269, 0.8460, 0.8453, 0.8475, 0.8408, 0.8407, 0.8244, 0.8354,
        0.8692, 0.8126, 0.8381, 0.8449, 0.8511, 0.8666, 0.8418, 0.8452, 0.8232,
        0.8491, 0.8331, 0.8496, 0.8468, 0.8339, 0.8445, 0.8112, 0.8389, 0.8404,
        0.8571, 0.8222, 0.8481, 0.8239, 0.8462, 0.8429, 0.8447, 0.8126, 0.8151,
        0.8427, 0.8382, 0.8403, 0.8225, 0.8245, 0.8615, 0.8563, 0.8496, 0.8384,
        0.8114, 0.8336, 0.8185, 0.8292, 0.8423, 0.8759, 0.8117, 0.8445, 0.8326,
        0.8141, 0.8503, 0.8149, 0.8300], device='cuda:2')
plist  77
noplist  77
p  backbone.sparseCoding.rr False
p  backbone.sparseCoding.theta False
p  backbone.transformer_encoder.cls_token True
p  backbone.transformer_encoder.input_layer.weight True
p  backbone.transformer_encoder.input_layer.bias True
p  backbone.transformer_encoder.output_layer.weight True
p  backbone.transformer_encoder.output_layer.bias True
p  backbone.transformer_encoder.encoder_layer.self_attn.in_proj_weight True
p  backbone.transformer_encoder.encoder_layer.self_attn.in_proj_bias True
p  backbone.transformer_encoder.encoder_layer.self_attn.out_proj.weight True
p  backbone.transformer_encoder.encoder_layer.self_attn.out_proj.bias True
p  backbone.transformer_encoder.encoder_layer.linear1.weight True
p  backbone.transformer_encoder.encoder_layer.linear1.bias True
p  backbone.transformer_encoder.encoder_layer.linear2.weight True
p  backbone.transformer_encoder.encoder_layer.linear2.bias True
p  backbone.transformer_encoder.encoder_layer.norm1.weight True
p  backbone.transformer_encoder.encoder_layer.norm1.bias True
p  backbone.transformer_encoder.encoder_layer.norm2.weight True
p  backbone.transformer_encoder.encoder_layer.norm2.bias True
p  backbone.transformer_encoder.transformer_encoder.layers.0.self_attn.in_proj_weight True
p  backbone.transformer_encoder.transformer_encoder.layers.0.self_attn.in_proj_bias True
p  backbone.transformer_encoder.transformer_encoder.layers.0.self_attn.out_proj.weight True
p  backbone.transformer_encoder.transformer_encoder.layers.0.self_attn.out_proj.bias True
p  backbone.transformer_encoder.transformer_encoder.layers.0.linear1.weight True
p  backbone.transformer_encoder.transformer_encoder.layers.0.linear1.bias True
p  backbone.transformer_encoder.transformer_encoder.layers.0.linear2.weight True
p  backbone.transformer_encoder.transformer_encoder.layers.0.linear2.bias True
p  backbone.transformer_encoder.transformer_encoder.layers.0.norm1.weight True
p  backbone.transformer_encoder.transformer_encoder.layers.0.norm1.bias True
p  backbone.transformer_encoder.transformer_encoder.layers.0.norm2.weight True
p  backbone.transformer_encoder.transformer_encoder.layers.0.norm2.bias True
p  backbone.transformer_encoder.transformer_encoder.layers.1.self_attn.in_proj_weight True
p  backbone.transformer_encoder.transformer_encoder.layers.1.self_attn.in_proj_bias True
p  backbone.transformer_encoder.transformer_encoder.layers.1.self_attn.out_proj.weight True
p  backbone.transformer_encoder.transformer_encoder.layers.1.self_attn.out_proj.bias True
p  backbone.transformer_encoder.transformer_encoder.layers.1.linear1.weight True
p  backbone.transformer_encoder.transformer_encoder.layers.1.linear1.bias True
p  backbone.transformer_encoder.transformer_encoder.layers.1.linear2.weight True
p  backbone.transformer_encoder.transformer_encoder.layers.1.linear2.bias True
p  backbone.transformer_encoder.transformer_encoder.layers.1.norm1.weight True
p  backbone.transformer_encoder.transformer_encoder.layers.1.norm1.bias True
p  backbone.transformer_encoder.transformer_encoder.layers.1.norm2.weight True
p  backbone.transformer_encoder.transformer_encoder.layers.1.norm2.bias True
p  backbone.Classifier.conv1.weight True
p  backbone.Classifier.conv1.bias True
p  backbone.Classifier.bn1.weight True
p  backbone.Classifier.bn1.bias True
p  backbone.Classifier.conv2.weight True
p  backbone.Classifier.conv2.bias True
p  backbone.Classifier.bn2.weight True
p  backbone.Classifier.bn2.bias True
p  backbone.Classifier.conv3.weight True
p  backbone.Classifier.conv3.bias True
p  backbone.Classifier.bn3.weight True
p  backbone.Classifier.bn3.bias True
p  backbone.Classifier.conv4.weight True
p  backbone.Classifier.conv4.bias True
p  backbone.Classifier.bn4.weight True
p  backbone.Classifier.bn4.bias True
p  backbone.Classifier.conv5.weight True
p  backbone.Classifier.conv5.bias True
p  backbone.Classifier.bn5.weight True
p  backbone.Classifier.bn5.bias True
p  backbone.Classifier.conv6.weight True
p  backbone.Classifier.conv6.bias True
p  backbone.Classifier.bn6.weight True
p  backbone.Classifier.bn6.bias True
p  backbone.Classifier.fc.weight True
p  backbone.Classifier.fc.bias True
p  backbone.Classifier.fc2.weight True
p  backbone.Classifier.fc2.bias True
p  backbone.Classifier.fc3.weight True
p  backbone.Classifier.fc3.bias True
p  backbone.Classifier.cls.0.weight True
p  backbone.Classifier.cls.0.bias True
p  proj.weight True
p  proj.bias True
cls token  tensor([[[ 0.0678, -0.5492, -0.0683,  ..., -1.1908,  0.4520, -0.6864]]],
       device='cuda:2')
after rr  tensor([1.0599, 0.9743, 0.9663, 1.0703, 0.9268, 1.0206, 1.0072, 0.8694, 1.0412,
        0.8684, 1.0341, 1.0315, 0.9607, 0.8662, 0.9808, 0.8436, 1.0713, 0.9619,
        0.8533, 0.8830, 0.9458, 1.0024, 0.9725, 0.8735, 1.0197, 1.0501, 0.9950,
        1.0803, 0.9276, 1.0258, 0.9668, 0.8809, 0.8451, 1.0097, 1.0486, 1.0795,
        1.0817, 0.9156, 1.0775, 0.9241, 0.9034, 0.9111, 0.9747, 1.0095, 0.8571,
        1.0324, 0.8895, 1.0864, 1.0823, 1.0429, 0.9402, 1.0635, 0.9906, 0.9406,
        1.0659, 1.0572, 0.8507, 1.0796, 0.9868, 1.0320, 1.0559, 0.8908, 0.9269,
        1.0619, 0.9963, 0.9183, 1.0403, 0.8440, 0.8867, 0.8616, 1.0331, 1.0858,
        0.9757, 0.8722, 0.9442, 0.9596, 0.9335, 1.0722, 0.9340, 1.0885],
       device='cuda:2')
after theta  tensor([1.3831, 2.4351, 1.6302, 1.5173, 0.7894, 3.0460, 2.6738, 2.0410, 0.7377,
        2.2888, 1.8529, 1.5642, 2.5720, 2.1206, 0.6029, 1.4175, 1.4665, 0.3462,
        2.0224, 2.8426, 0.5185, 2.8750, 1.4217, 2.9278, 2.1216, 1.2670, 0.3556,
        2.2961, 1.4546, 1.7748, 1.0654, 2.8268, 0.6468, 2.9488, 2.0768, 3.0085,
        1.2792, 1.6970, 2.6287, 2.2216, 1.1125, 0.2004, 0.5884, 0.7404, 2.4684,
        0.9092, 1.3778, 2.8066, 2.2928, 0.7396, 2.2984, 1.3781, 0.8437, 0.4658,
        3.0172, 1.8672, 1.2320, 3.0912, 0.1108, 0.9424, 1.3398, 2.3283, 1.5204,
        1.8600, 1.6995, 1.3323, 0.9231, 3.1122, 1.2911, 2.0694, 1.4857, 1.2852,
        2.5297, 0.4884, 1.6341, 0.5822, 1.7197, 1.2677, 2.9984, 2.8182],
       device='cuda:2')
cls  tensor([0.8501, 0.8304, 0.8399, 0.8656, 0.7951, 0.8495, 0.8367, 0.8045, 0.8315,
        0.8346, 0.8355, 0.8365, 0.8201, 0.8282, 0.8473, 0.8448, 0.8442, 0.8319,
        0.8588, 0.8521, 0.8512, 0.8255, 0.8393, 0.8261, 0.8193, 0.8473, 0.8370,
        0.8597, 0.8751, 0.8255, 0.8253, 0.8407, 0.8280, 0.8370, 0.8604, 0.8473,
        0.8651, 0.8447, 0.8318, 0.8487, 0.8350, 0.8500, 0.8274, 0.8022, 0.8475,
        0.8413, 0.8316, 0.8393, 0.8229, 0.8409, 0.8307, 0.8596, 0.8457, 0.8425,
        0.8194, 0.8268, 0.8556, 0.8485, 0.8438, 0.8335, 0.8330, 0.8314, 0.8434,
        0.8416, 0.8375, 0.8239, 0.8493, 0.8421, 0.8607, 0.8365, 0.8267, 0.8485,
        0.8227, 0.8303, 0.8312, 0.8398, 0.8540, 0.8328, 0.8556, 0.8385, 0.8309,
        0.8417, 0.8307, 0.8517, 0.8200, 0.8409, 0.8578, 0.8444, 0.8580, 0.8369,
        0.8484, 0.8407, 0.8439, 0.8353, 0.8539, 0.8189, 0.8311, 0.8423, 0.8446,
        0.8441, 0.8261, 0.8253, 0.8221, 0.8547, 0.8060, 0.8552, 0.8289, 0.8427,
        0.8278, 0.8543, 0.8287, 0.8580, 0.8296, 0.8384, 0.8289, 0.8047, 0.8282,
        0.8393, 0.8169, 0.8399, 0.8317, 0.8332, 0.8359, 0.8187, 0.8432, 0.8413,
        0.8377, 0.8482, 0.8078, 0.8444, 0.8169, 0.8281, 0.8359, 0.8396, 0.8348,
        0.8171, 0.8313, 0.8224, 0.8377, 0.8497, 0.8353, 0.8440, 0.8315, 0.8469,
        0.8102, 0.8078, 0.8342, 0.8510, 0.8388, 0.8352, 0.8547, 0.8424, 0.8494,
        0.8638, 0.8326, 0.8254, 0.8351, 0.8287, 0.8268, 0.8180, 0.8465, 0.8523,
        0.8270, 0.8598, 0.8504, 0.8416, 0.8609, 0.8355, 0.8488, 0.8371, 0.8323,
        0.8245, 0.8379, 0.8567, 0.8400, 0.8372, 0.8174, 0.8401, 0.8387, 0.8265,
        0.8513, 0.8339, 0.8386, 0.8513, 0.8586, 0.8218, 0.8498, 0.8528, 0.8396,
        0.8472, 0.8293, 0.8510, 0.8413, 0.8074, 0.8183, 0.8274, 0.8327, 0.8312,
        0.8321, 0.8269, 0.8460, 0.8453, 0.8475, 0.8408, 0.8407, 0.8244, 0.8354,
        0.8692, 0.8126, 0.8381, 0.8449, 0.8511, 0.8666, 0.8418, 0.8452, 0.8232,
        0.8491, 0.8331, 0.8496, 0.8468, 0.8339, 0.8445, 0.8112, 0.8389, 0.8404,
        0.8571, 0.8222, 0.8481, 0.8239, 0.8462, 0.8429, 0.8447, 0.8126, 0.8151,
        0.8427, 0.8382, 0.8403, 0.8225, 0.8245, 0.8615, 0.8563, 0.8496, 0.8384,
        0.8114, 0.8336, 0.8185, 0.8292, 0.8423, 0.8759, 0.8117, 0.8445, 0.8326,
        0.8141, 0.8503, 0.8149, 0.8300], device='cuda:2')
optimizer  SGD (
Parameter Group 0
    dampening: 0
    lr: 0.0001
    momentum: 0.9
    nesterov: False
    weight_decay: 0.001

Parameter Group 1
    dampening: 0
    lr: 0.0001
    momentum: 0.9
    nesterov: False
    weight_decay: 0.001

Parameter Group 2
    dampening: 0
    lr: 0.0001
    momentum: 0.9
    nesterov: False
    weight_decay: 0.001
)
start training epoch: 0
epoch: 0 |loss: 3.883667645044625 |cls: 1.9368574765976518 |mse: 0.00841281969769625 |bi: 0.015398775747598847
training time(min): 7.491426459948221
sample: 0
sample: 1
sample: 2
sample: 3
sample: 4
sample: 5
sample: 6
sample: 7
sample: 8
sample: 9
sample: 10
sample: 11
sample: 12
sample: 13
sample: 14
sample: 15
sample: 16
sample: 17
sample: 18
sample: 19
sample: 20
sample: 21
sample: 22
sample: 23
sample: 24
sample: 25
sample: 26
sample: 27
sample: 28
sample: 29
sample: 30
sample: 31
sample: 32
sample: 33
sample: 34
sample: 35
sample: 36
sample: 37
sample: 38
sample: 39
sample: 40
sample: 41
sample: 42
sample: 43
sample: 44
sample: 45
sample: 46
sample: 47
sample: 48
sample: 49
sample: 50
sample: 51
sample: 52
sample: 53
sample: 54
sample: 55
sample: 56
sample: 57
testing epoch: 0 Acc:0.2931
start training epoch: 1
epoch: 1 |loss: 3.0278799552470446 |cls: 1.5089666722342372 |mse: 0.008405254935496487 |bi: 0.01541352273125085
training time(min): 7.339060306549072
start training epoch: 2
epoch: 2 |loss: 2.695040593855083 |cls: 1.342527988832444 |mse: 0.008442441730949213 |bi: 0.015421658223203849
training time(min): 7.612291864554087
start training epoch: 3
epoch: 3 |loss: 2.4106604063417763 |cls: 1.2003494380041957 |mse: 0.008419482168392278 |bi: 0.015420543721120339
training time(min): 7.5928711215655005
start training epoch: 4
epoch: 4 |loss: 2.18141696928069 |cls: 1.0857219179160893 |mse: 0.008430798105109716 |bi: 0.015423341443238314
training time(min): 7.230786871910095
start training epoch: 5
epoch: 5 |loss: 2.0163711209315807 |cls: 1.003209271817468 |mse: 0.00841193831183773 |bi: 0.0154064487433061
training time(min): 7.3373921076456705
start training epoch: 6
epoch: 6 |loss: 1.8010037252679467 |cls: 0.895525717176497 |mse: 0.008410673684920766 |bi: 0.015416214318975108
training time(min): 7.404288371404012
start training epoch: 7
epoch: 7 |loss: 1.614611259661615 |cls: 0.8023172675166279 |mse: 0.008434230594502878 |bi: 0.015424979133968009
training time(min): 7.215103276570638
start training epoch: 8
epoch: 8 |loss: 1.4202700830064714 |cls: 0.7051503844559193 |mse: 0.00842675822059391 |bi: 0.015425517445692094
training time(min): 7.241261859734853
start training epoch: 9
epoch: 9 |loss: 1.3061707250308245 |cls: 0.6481008155096788 |mse: 0.008428035258475575 |bi: 0.015410543026519008
training time(min): 7.476054978370667
start training epoch: 10
epoch: 10 |loss: 1.1558788602123968 |cls: 0.572945332940435 |mse: 0.008443757333225221 |bi: 0.015444442131411051
training time(min): 7.194968867301941
sample: 0
sample: 1
sample: 2
sample: 3
sample: 4
sample: 5
sample: 6
sample: 7
sample: 8
sample: 9
sample: 10
sample: 11
sample: 12
sample: 13
sample: 14
sample: 15
sample: 16
sample: 17
sample: 18
sample: 19
sample: 20
sample: 21
sample: 22
sample: 23
sample: 24
sample: 25
sample: 26
sample: 27
sample: 28
sample: 29
sample: 30
sample: 31
sample: 32
sample: 33
sample: 34
sample: 35
sample: 36
sample: 37
sample: 38
sample: 39
sample: 40
sample: 41
sample: 42
sample: 43
sample: 44
sample: 45
sample: 46
sample: 47
sample: 48
sample: 49
sample: 50
sample: 51
sample: 52
sample: 53
sample: 54
sample: 55
sample: 56
sample: 57
testing epoch: 10 Acc:0.4935
start training epoch: 11
epoch: 11 |loss: 1.074632701172959 |cls: 0.5323360909533221 |mse: 0.00842047483092756 |bi: 0.01540045891306363
training time(min): 7.166189261277517
start training epoch: 12
epoch: 12 |loss: 0.9860445234226063 |cls: 0.48804290691623464 |mse: 0.008416247328568716 |bi: 0.015424607641762123
training time(min): 7.342158297697703
start training epoch: 13
epoch: 13 |loss: 0.9377487215679139 |cls: 0.46390026676817797 |mse: 0.008407577812249656 |bi: 0.015406130263727391
training time(min): 7.422770524024964
start training epoch: 14
epoch: 14 |loss: 0.8049747461918741 |cls: 0.3975109184975736 |mse: 0.008410559734329581 |bi: 0.015423500659380807
training time(min): 7.339451690514882
start training epoch: 15
epoch: 15 |loss: 0.683576433089911 |cls: 0.33678796458116267 |mse: 0.008458097247057594 |bi: 0.015424076893395977
training time(min): 7.319302968184153
start training epoch: 16
epoch: 16 |loss: 0.6942998371378053 |cls: 0.34215931836297386 |mse: 0.008438759005002794 |bi: 0.015424418059410527
training time(min): 7.2434614777565
start training epoch: 17
epoch: 17 |loss: 0.6800286876969039 |cls: 0.33504705606537755 |mse: 0.008394893059630704 |bi: 0.01539681952635874
training time(min): 7.399332066377004
start training epoch: 18
epoch: 18 |loss: 0.6310606031183852 |cls: 0.31055002732318826 |mse: 0.008419934869380086 |bi: 0.01540612270400743
training time(min): 7.467007946968079
start training epoch: 19
epoch: 19 |loss: 0.6255667500663549 |cls: 0.3077992519174586 |mse: 0.008425048838034854 |bi: 0.015431954634550493
training time(min): 7.413757963975271
start training epoch: 20
epoch: 20 |loss: 0.4971886672428809 |cls: 0.2436153904418461 |mse: 0.008417767863647896 |bi: 0.01540117921831552
training time(min): 7.457256384690603
sample: 0
sample: 1
sample: 2
sample: 3
sample: 4
sample: 5
sample: 6
sample: 7
sample: 8
sample: 9
sample: 10
sample: 11
sample: 12
sample: 13
sample: 14
sample: 15
sample: 16
sample: 17
sample: 18
sample: 19
sample: 20
sample: 21
sample: 22
sample: 23
sample: 24
sample: 25
sample: 26
sample: 27
sample: 28
sample: 29
sample: 30
sample: 31
sample: 32
sample: 33
sample: 34
sample: 35
sample: 36
sample: 37
sample: 38
sample: 39
sample: 40
sample: 41
sample: 42
sample: 43
sample: 44
sample: 45
sample: 46
sample: 47
sample: 48
sample: 49
sample: 50
sample: 51
sample: 52
sample: 53
sample: 54
sample: 55
sample: 56
sample: 57
testing epoch: 20 Acc:0.6315
start training epoch: 21
epoch: 21 |loss: 0.49510805244062794 |cls: 0.24255478026680066 |mse: 0.008454192669887561 |bi: 0.015442994015756994
training time(min): 7.566017099221548
start training epoch: 22
epoch: 22 |loss: 0.4646151745255338 |cls: 0.2273361682346149 |mse: 0.008402093128097476 |bi: 0.015407434333610581
training time(min): 8.752240709463756
start training epoch: 23
epoch: 23 |loss: 0.44784749242535327 |cls: 0.21895067094737897 |mse: 0.008404247246289742 |bi: 0.015419042440043995
training time(min): 9.706113382180531
start training epoch: 24
epoch: 24 |loss: 0.4043405788615928 |cls: 0.19718748186824087 |mse: 0.008423917724940111 |bi: 0.015416957401612308
training time(min): 10.238261989752452
start training epoch: 25
epoch: 25 |loss: 0.3266977026651148 |cls: 0.15835725991473737 |mse: 0.008438906068477081 |bi: 0.01544278168148594
training time(min): 9.967772344748179
start training epoch: 26
epoch: 26 |loss: 0.3623300841754826 |cls: 0.17618368695821118 |mse: 0.008420239097176818 |bi: 0.015424691016960423
training time(min): 10.067231571674347
start training epoch: 27
epoch: 27 |loss: 0.28715102888600086 |cls: 0.13859668645955026 |mse: 0.00841638876045181 |bi: 0.015412673576065572
training time(min): 9.926501508553823
start training epoch: 28
epoch: 28 |loss: 0.297264187312976 |cls: 0.1436586311301653 |mse: 0.00840784048432397 |bi: 0.015390852513519349
training time(min): 10.036538302898407
start training epoch: 29
epoch: 29 |loss: 0.2565143793617608 |cls: 0.1232753662570758 |mse: 0.008420656087764655 |bi: 0.015429907449288294
training time(min): 9.856642087300619
start training epoch: 30
epoch: 30 |loss: 0.3036667407359346 |cls: 0.14683552547376166 |mse: 0.008451803138086689 |bi: 0.015438846665347228
training time(min): 10.038628951708477
sample: 0
sample: 1
sample: 2
sample: 3
sample: 4
sample: 5
sample: 6
sample: 7
sample: 8
sample: 9
sample: 10
sample: 11
sample: 12
sample: 13
sample: 14
sample: 15
sample: 16
sample: 17
sample: 18
sample: 19
sample: 20
sample: 21
sample: 22
sample: 23
sample: 24
sample: 25
sample: 26
sample: 27
sample: 28
sample: 29
sample: 30
sample: 31
sample: 32
sample: 33
sample: 34
sample: 35
sample: 36
sample: 37
sample: 38
sample: 39
sample: 40
sample: 41
sample: 42
sample: 43
sample: 44
sample: 45
sample: 46
sample: 47
sample: 48
sample: 49
sample: 50
sample: 51
sample: 52
sample: 53
sample: 54
sample: 55
sample: 56
sample: 57
testing epoch: 30 Acc:0.5776
start training epoch: 31
epoch: 31 |loss: 0.19327658250404056 |cls: 0.09164437378967705 |mse: 0.008443570612143958 |bi: 0.015442645199073013
training time(min): 10.60346514781316
start training epoch: 32
epoch: 32 |loss: 0.21860940635451698 |cls: 0.10433630851866837 |mse: 0.008396582845307421 |bi: 0.015402073884615675
training time(min): 10.32831742366155
start training epoch: 33
epoch: 33 |loss: 0.2859994322134298 |cls: 0.13801165533550375 |mse: 0.008433497092482867 |bi: 0.015426245332491817
training time(min): 10.18018362124761
start training epoch: 34
epoch: 34 |loss: 0.21377325871071662 |cls: 0.101899088654136 |mse: 0.008432555900071748 |bi: 0.01542526729463134
training time(min): 10.577136035760244
start training epoch: 35
epoch: 35 |loss: 0.26137352118530544 |cls: 0.12569930336485413 |mse: 0.008432823153270874 |bi: 0.015420922754856292
training time(min): 10.21086151599884
start training epoch: 36
epoch: 36 |loss: 0.16780618636403233 |cls: 0.07890774403813339 |mse: 0.008446412317425711 |bi: 0.015442857478774386
training time(min): 9.914545742670695
start training epoch: 37
epoch: 37 |loss: 0.16047744575917022 |cls: 0.07524995681160362 |mse: 0.008433793134827283 |bi: 0.015437398411449976
training time(min): 10.332702990372976
start training epoch: 38
epoch: 38 |loss: 0.1305699984441162 |cls: 0.06031019112310787 |mse: 0.00840836339739326 |bi: 0.015412521926918998
training time(min): 9.892885414759318
start training epoch: 39
epoch: 39 |loss: 0.1632507833855925 |cls: 0.07663843110935886 |mse: 0.008430800846326747 |bi: 0.015431203988555353
training time(min): 9.889121015866598
start training epoch: 40
epoch: 40 |loss: 0.1533320496455417 |cls: 0.07168524430653633 |mse: 0.008420000855039689 |bi: 0.015415600155392895
training time(min): 11.35212957461675
sample: 0
sample: 1
sample: 2
sample: 3
sample: 4
sample: 5
sample: 6
sample: 7
sample: 8
sample: 9
sample: 10
sample: 11
sample: 12
sample: 13
sample: 14
sample: 15
sample: 16
sample: 17
sample: 18
sample: 19
sample: 20
sample: 21
sample: 22
sample: 23
sample: 24
sample: 25
sample: 26
sample: 27
sample: 28
sample: 29
sample: 30
sample: 31
sample: 32
sample: 33
sample: 34
sample: 35
sample: 36
sample: 37
sample: 38
sample: 39
sample: 40
sample: 41
sample: 42
sample: 43
sample: 44
sample: 45
sample: 46
sample: 47
sample: 48
sample: 49
sample: 50
sample: 51
sample: 52
sample: 53
sample: 54
sample: 55
sample: 56
sample: 57
testing epoch: 40 Acc:0.5948
start training epoch: 41
epoch: 41 |loss: 0.1447661864949623 |cls: 0.06741012350403253 |mse: 0.00840578672978154 |bi: 0.015401512806420214
training time(min): 11.301167901357015
start training epoch: 42
epoch: 42 |loss: 0.20932079878184595 |cls: 0.09969178608389484 |mse: 0.008397129173317808 |bi: 0.015400959360704292
training time(min): 11.565432731310526
start training epoch: 43
epoch: 43 |loss: 0.11725469082011841 |cls: 0.05364153461391652 |mse: 0.00842903553711949 |bi: 0.015425858662638348
training time(min): 11.967292253176371
start training epoch: 44
epoch: 44 |loss: 0.17089179676986532 |cls: 0.08046432052651653 |mse: 0.00842262332480459 |bi: 0.015405326601467095
training time(min): 11.652493826548259
start training epoch: 45
epoch: 45 |loss: 0.2798395833997347 |cls: 0.13491285227860317 |mse: 0.008467324749290128 |bi: 0.01546552015497582
training time(min): 11.688007966677349
start training epoch: 46
epoch: 46 |loss: 0.14522303250123514 |cls: 0.06762631159074317 |mse: 0.008429006460573873 |bi: 0.015414038334711222
training time(min): 11.90416576464971
start training epoch: 47
epoch: 47 |loss: 0.10803866010974161 |cls: 0.049048974260585965 |mse: 0.008399417905820883 |bi: 0.015412946548167383
training time(min): 11.51792259613673
start training epoch: 48
epoch: 48 |loss: 0.11284808671916835 |cls: 0.05144978095904662 |mse: 0.008406831466345466 |bi: 0.015416927042679163
training time(min): 11.194413606325785
start training epoch: 49
epoch: 49 |loss: 0.1953641896143381 |cls: 0.09269611944068856 |mse: 0.00842994263075525 |bi: 0.015420073556015268
training time(min): 10.946215351422628
start training epoch: 50
epoch: 50 |loss: 0.09430984968639677 |cls: 0.04217105231248297 |mse: 0.008424450279562734 |bi: 0.015432955417054472
training time(min): 11.419560801982879
sample: 0
sample: 1
sample: 2
sample: 3
sample: 4
sample: 5
sample: 6
sample: 7
sample: 8
sample: 9
sample: 10
sample: 11
sample: 12
sample: 13
sample: 14
sample: 15
sample: 16
sample: 17
sample: 18
sample: 19
sample: 20
sample: 21
sample: 22
sample: 23
sample: 24
sample: 25
sample: 26
sample: 27
sample: 28
sample: 29
sample: 30
sample: 31
sample: 32
sample: 33
sample: 34
sample: 35
sample: 36
sample: 37
sample: 38
sample: 39
sample: 40
sample: 41
sample: 42
sample: 43
sample: 44
sample: 45
sample: 46
sample: 47
sample: 48
sample: 49
sample: 50
sample: 51
sample: 52
sample: 53
sample: 54
sample: 55
sample: 56
sample: 57
testing epoch: 50 Acc:0.6056
start training epoch: 51
epoch: 51 |loss: 0.07565130194052472 |cls: 0.03284011743198789 |mse: 0.00842835936055053 |bi: 0.015427079357323237
training time(min): 11.70381467739741
start training epoch: 52
epoch: 52 |loss: 0.05970809692371404 |cls: 0.024880447993609778 |mse: 0.008406206925428705 |bi: 0.015409943993290653
training time(min): 11.353730185826619
start training epoch: 53
epoch: 53 |loss: 0.10968796720044338 |cls: 0.049865020442780406 |mse: 0.008416017479248694 |bi: 0.015419049999763956
training time(min): 11.496840302149455
start training epoch: 54
epoch: 54 |loss: 0.0882293887079868 |cls: 0.039140580368041356 |mse: 0.008407838839048054 |bi: 0.015403885987325339
training time(min): 11.740440797805785
start training epoch: 55
epoch: 55 |loss: 0.05401828489993932 |cls: 0.02200273365394878 |mse: 0.008468082365652663 |bi: 0.015447353645868134
training time(min): 11.440124150117239
start training epoch: 56
epoch: 56 |loss: 0.054049427424615715 |cls: 0.022048376068426023 |mse: 0.008412035032961285 |bi: 0.015406403250381118
training time(min): 11.975167032082876
start training epoch: 57
epoch: 57 |loss: 0.047954856490832753 |cls: 0.019010599896603253 |mse: 0.008393805945161148 |bi: 0.01539851035704487
training time(min): 12.817578852176666
start training epoch: 58
epoch: 58 |loss: 0.049653980051516555 |cls: 0.019856803805282652 |mse: 0.008400657230595243 |bi: 0.015397153179947054
training time(min): 13.787118140856425
start training epoch: 59
epoch: 59 |loss: 0.03844217188816401 |cls: 0.014231925963713365 |mse: 0.008435497768005007 |bi: 0.015428224309289362
training time(min): 12.412461674213409
start training epoch: 60
epoch: 60 |loss: 0.05275307318515843 |cls: 0.021392063995619992 |mse: 0.00842796820870717 |bi: 0.015409777202876285
training time(min): 13.87793700695038
sample: 0
sample: 1
sample: 2
sample: 3
sample: 4
sample: 5
sample: 6
sample: 7
sample: 8
sample: 9
sample: 10
sample: 11
sample: 12
sample: 13
sample: 14
sample: 15
sample: 16
sample: 17
sample: 18
sample: 19
sample: 20
sample: 21
sample: 22
sample: 23
sample: 24
sample: 25
sample: 26
sample: 27
sample: 28
sample: 29
sample: 30
sample: 31
sample: 32
sample: 33
sample: 34
sample: 35
sample: 36
sample: 37
sample: 38
sample: 39
sample: 40
sample: 41
sample: 42
sample: 43
sample: 44
sample: 45
sample: 46
sample: 47
sample: 48
sample: 49
sample: 50
sample: 51
sample: 52
sample: 53
sample: 54
sample: 55
sample: 56
sample: 57
testing epoch: 60 Acc:0.5970
start training epoch: 61
epoch: 61 |loss: 0.04547894627467031 |cls: 0.017771344700236114 |mse: 0.008395644164920668 |bi: 0.015406130281917285
training time(min): 13.741820446650188
start training epoch: 62
epoch: 62 |loss: 0.04095443971164059 |cls: 0.015498628980822104 |mse: 0.008415258142122184 |bi: 0.015419239582115551
training time(min): 13.922307829062143
start training epoch: 63
epoch: 63 |loss: 0.03927007759557455 |cls: 0.01465179157099783 |mse: 0.008424616140473518 |bi: 0.015418784660141682
training time(min): 14.255117126305898
start training epoch: 64
epoch: 64 |loss: 0.05145036956309923 |cls: 0.020742526943536177 |mse: 0.008424369676504284 |bi: 0.01540945873784949
training time(min): 14.001203755537668
start training epoch: 65
epoch: 65 |loss: 0.04508151171830832 |cls: 0.017561462419735108 |mse: 0.008417817733061383 |bi: 0.015407692153530661
training time(min): 14.07867583433787
start training epoch: 66
epoch: 66 |loss: 0.046909730437619146 |cls: 0.018463336810668807 |mse: 0.008440939065621933 |bi: 0.015421180552948499
training time(min): 13.462785538037618
start training epoch: 67
epoch: 67 |loss: 0.03213078536646208 |cls: 0.011072011594180253 |mse: 0.008443330340014654 |bi: 0.01543432015387225
training time(min): 13.025132238864899
start training epoch: 68
epoch: 68 |loss: 0.05452922021140694 |cls: 0.022289695742870208 |mse: 0.008408967887589824 |bi: 0.015408602001116378
training time(min): 13.22062944173813
start training epoch: 69
epoch: 69 |loss: 0.05310458155872766 |cls: 0.02156895397698122 |mse: 0.008424540490523214 |bi: 0.01542132464601309
training time(min): 13.04588638941447
start training epoch: 70
epoch: 70 |loss: 0.06699858040883555 |cls: 0.028512448512799438 |mse: 0.008431408830801956 |bi: 0.015422734912135638
training time(min): 13.602478730678559
sample: 0
sample: 1
sample: 2
sample: 3
sample: 4
sample: 5
sample: 6
sample: 7
sample: 8
sample: 9
sample: 10
sample: 11
sample: 12
sample: 13
sample: 14
sample: 15
sample: 16
sample: 17
sample: 18
sample: 19
sample: 20
sample: 21
sample: 22
sample: 23
sample: 24
sample: 25
sample: 26
sample: 27
sample: 28
sample: 29
sample: 30
sample: 31
sample: 32
sample: 33
sample: 34
sample: 35
sample: 36
sample: 37
sample: 38
sample: 39
sample: 40
sample: 41
sample: 42
sample: 43
sample: 44
sample: 45
sample: 46
sample: 47
sample: 48
sample: 49
sample: 50
sample: 51
sample: 52
sample: 53
sample: 54
sample: 55
sample: 56
sample: 57
testing epoch: 70 Acc:0.6034
start training epoch: 71
epoch: 71 |loss: 0.060096486275142524 |cls: 0.025056332761664635 |mse: 0.008440887620963622 |bi: 0.015429323586431565
training time(min): 13.813654971122741
start training epoch: 72
epoch: 72 |loss: 0.04149483606306603 |cls: 0.015780440492250136 |mse: 0.00839414237634628 |bi: 0.015398123679915443
training time(min): 13.347914834817251
start training epoch: 73
epoch: 73 |loss: 0.04466865982976742 |cls: 0.01734433757133047 |mse: 0.008438005610514665 |bi: 0.015419785519043216
training time(min): 12.969802260398865
start training epoch: 74
epoch: 74 |loss: 0.07654538121641963 |cls: 0.033301859535413314 |mse: 0.008401441242313012 |bi: 0.015402217959490372
training time(min): 13.852288862069448
start training epoch: 75
epoch: 75 |loss: 0.047361856004499714 |cls: 0.018707553793944953 |mse: 0.008405243855122535 |bi: 0.015415039128129138
training time(min): 14.127819168567658
start training epoch: 76
epoch: 76 |loss: 0.051938312859419966 |cls: 0.020988050341912867 |mse: 0.008420862392085837 |bi: 0.01541349998296937
training time(min): 14.127490437030792
start training epoch: 77
epoch: 77 |loss: 0.05451372006064048 |cls: 0.022280142764714128 |mse: 0.00841241122543579 |bi: 0.015410232143040048
training time(min): 13.77334885597229
start training epoch: 78
epoch: 78 |loss: 0.03806091139631462 |cls: 0.014054185341421999 |mse: 0.008411292414166383 |bi: 0.01541248401554185
training time(min): 13.844454205036163
start training epoch: 79
epoch: 79 |loss: 0.03161056985845789 |cls: 0.010829659941180125 |mse: 0.008410106054725475 |bi: 0.015411437696457142
training time(min): 13.687081774075827
start training epoch: 80
epoch: 80 |loss: 0.03573843678168487 |cls: 0.0128535460777357 |mse: 0.008487191060339683 |bi: 0.015441538253071485
training time(min): 13.523521832625072
sample: 0
sample: 1
sample: 2
sample: 3
sample: 4
sample: 5
sample: 6
sample: 7
sample: 8
sample: 9
sample: 10
sample: 11
sample: 12
sample: 13
sample: 14
sample: 15
sample: 16
sample: 17
sample: 18
sample: 19
sample: 20
sample: 21
sample: 22
sample: 23
sample: 24
sample: 25
sample: 26
sample: 27
sample: 28
sample: 29
sample: 30
sample: 31
sample: 32
sample: 33
sample: 34
sample: 35
sample: 36
sample: 37
sample: 38
sample: 39
sample: 40
sample: 41
sample: 42
sample: 43
sample: 44
sample: 45
sample: 46
sample: 47
sample: 48
sample: 49
sample: 50
sample: 51
sample: 52
sample: 53
sample: 54
sample: 55
sample: 56
sample: 57
testing epoch: 80 Acc:0.6315
start training epoch: 81
epoch: 81 |loss: 0.05886921545607038 |cls: 0.024464845877361086 |mse: 0.008397505303946673 |bi: 0.015420179744978668
training time(min): 14.101053059101105
start training epoch: 82
epoch: 82 |loss: 0.03421933188656112 |cls: 0.012122367182740845 |mse: 0.008431380168985925 |bi: 0.015432174470333848
training time(min): 13.179365650812786
start training epoch: 83
epoch: 83 |loss: 0.030798937958024908 |cls: 0.010424245841733182 |mse: 0.008409124666286516 |bi: 0.015413219418405788
training time(min): 12.261884188652038
start training epoch: 84
epoch: 84 |loss: 0.028822163127188105 |cls: 0.009432666600332595 |mse: 0.008416150874836603 |bi: 0.015406789956614375
training time(min): 12.297732273737589
start training epoch: 85
epoch: 85 |loss: 0.05260012231519795 |cls: 0.021316715127198904 |mse: 0.008423142033279873 |bi: 0.015435495388373965
training time(min): 11.31133450269699
start training epoch: 86
epoch: 86 |loss: 0.03271109726119903 |cls: 0.011372336671371386 |mse: 0.008424394582107197 |bi: 0.015420293446368305
training time(min): 11.101102737585704
start training epoch: 87
epoch: 87 |loss: 0.06459411692776484 |cls: 0.027321317934706713 |mse: 0.008410897362409742 |bi: 0.015405857313453453
training time(min): 11.523595197995503
start training epoch: 88
epoch: 88 |loss: 0.03653520395164378 |cls: 0.013284723904746443 |mse: 0.00842384389761719 |bi: 0.015419118230056483
training time(min): 10.915996158123017
start training epoch: 89
epoch: 89 |loss: 0.0333228174586111 |cls: 0.011691255621713026 |mse: 0.008399500984523911 |bi: 0.01540804856995237
training time(min): 10.764951622486114
start training epoch: 90
epoch: 90 |loss: 0.042775589499797206 |cls: 0.016391043804645733 |mse: 0.00845022114845051 |bi: 0.015432803778821835
training time(min): 11.22017389535904
sample: 0
sample: 1
sample: 2
sample: 3
sample: 4
sample: 5
sample: 6
sample: 7
sample: 8
sample: 9
sample: 10
sample: 11
sample: 12
sample: 13
sample: 14
sample: 15
sample: 16
sample: 17
sample: 18
sample: 19
sample: 20
sample: 21
sample: 22
sample: 23
sample: 24
sample: 25
sample: 26
sample: 27
sample: 28
sample: 29
sample: 30
sample: 31
sample: 32
sample: 33
sample: 34
sample: 35
sample: 36
sample: 37
sample: 38
sample: 39
sample: 40
sample: 41
sample: 42
sample: 43
sample: 44
sample: 45
sample: 46
sample: 47
sample: 48
sample: 49
sample: 50
sample: 51
sample: 52
sample: 53
sample: 54
sample: 55
sample: 56
sample: 57
testing epoch: 90 Acc:0.6034
start training epoch: 91
epoch: 91 |loss: 0.04369140253402293 |cls: 0.01687423230657714 |mse: 0.008402430622481916 |bi: 0.01540507642130251
training time(min): 11.61188930273056
start training epoch: 92
epoch: 92 |loss: 0.03162161742147873 |cls: 0.010821900601030165 |mse: 0.008435015926806955 |bi: 0.015428004353452707
training time(min): 11.231263732910156
start training epoch: 93
epoch: 93 |loss: 0.04231900258491805 |cls: 0.016176044004907908 |mse: 0.008423519368079724 |bi: 0.01543395623593824
training time(min): 11.143482208251953
start training epoch: 94
epoch: 94 |loss: 0.03193913736686227 |cls: 0.010998645238373683 |mse: 0.008400917578910594 |bi: 0.015409291976538952
training time(min): 11.305338553587596
start training epoch: 95
epoch: 95 |loss: 0.03017021540654241 |cls: 0.0101065356571155 |mse: 0.008416144461079966 |bi: 0.015409997155074961
training time(min): 11.045651515324911
start training epoch: 96
epoch: 96 |loss: 0.03561204084326164 |cls: 0.012811500086797878 |mse: 0.008445441771982587 |bi: 0.01543598820353509
training time(min): 11.172623558839161
start training epoch: 97
epoch: 97 |loss: 0.040428857832012 |cls: 0.015231071045150202 |mse: 0.008424196768828551 |bi: 0.01542519145004917
training time(min): 11.71289503177007
start training epoch: 98
epoch: 98 |loss: 0.032932225742115406 |cls: 0.011497131034531094 |mse: 0.008396987410378642 |bi: 0.015409762021590723
training time(min): 11.452170272668203
start training epoch: 99
epoch: 99 |loss: 0.04012698105361778 |cls: 0.01507403168884025 |mse: 0.00843704775252263 |bi: 0.015418693641549908
training time(min): 11.305570077896117
start training epoch: 100
epoch: 100 |loss: 0.025478944862697972 |cls: 0.007753838546591396 |mse: 0.008429485760643729 |bi: 0.015417821778100915
training time(min): 11.543394402662914
sample: 0
sample: 1
sample: 2
sample: 3
sample: 4
sample: 5
sample: 6
sample: 7
sample: 8
sample: 9
sample: 10
sample: 11
sample: 12
sample: 13
sample: 14
sample: 15
sample: 16
sample: 17
sample: 18
sample: 19
sample: 20
sample: 21
sample: 22
sample: 23
sample: 24
sample: 25
sample: 26
sample: 27
sample: 28
sample: 29
sample: 30
sample: 31
sample: 32
sample: 33
sample: 34
sample: 35
sample: 36
sample: 37
sample: 38
sample: 39
sample: 40
sample: 41
sample: 42
sample: 43
sample: 44
sample: 45
sample: 46
sample: 47
sample: 48
sample: 49
sample: 50
sample: 51
sample: 52
sample: 53
sample: 54
sample: 55
sample: 56
sample: 57
testing epoch: 100 Acc:0.6078
done
